<?xml version="1.0" encoding="UTF-8"?>
<!-- Generated by org.testng.reporters.JUnitReportReporter -->
<testsuite skipped="0" hostname="LAPTOP-GTLG16TP" name="TestPackage.OrderConfirmationTest" tests="5" failures="0" timestamp="30 Jun 2018 08:08:57 GMT" time="29.208" errors="1">
  <testcase name="addToCart" time="2.164" classname="TestPackage.OrderConfirmationTest"/>
  <testcase name="proceedToCheckOut" time="1.366" classname="TestPackage.OrderConfirmationTest"/>
  <testcase name="checkoutPage" time="10.398" classname="TestPackage.OrderConfirmationTest">
    <error type="org.openqa.selenium.TimeoutException" message="Expected condition failed: waiting for condition to not be valid: invisibility of [[ChromeDriver: chrome on XP (f7a62a35cce8e315e8f3ef648ceaf093)] -&gt; xpath: //button[contains(@data-bind,&#039;areAllCheckoutMessagesConfirmed&#039;)]] (tried for 10 second(s) with 500 milliseconds interval)
Build info: version: &#039;3.12.0&#039;, revision: &#039;7c6e0b3&#039;, time: &#039;2018-05-08T14:04:26.12Z&#039;
System info: host: &#039;LAPTOP-GTLG16TP&#039;, ip: &#039;192.168.1.5&#039;, os.name: &#039;Windows 10&#039;, os.arch: &#039;amd64&#039;, os.version: &#039;10.0&#039;, java.version: &#039;1.8.0_171&#039;
Driver info: org.openqa.selenium.chrome.ChromeDriver
Capabilities {acceptInsecureCerts: false, acceptSslCerts: false, applicationCacheEnabled: false, browserConnectionEnabled: false, browserName: chrome, chrome: {chromedriverVersion: 2.38.552522 (437e6fbedfa876..., userDataDir: C:\Users\GinSun\AppData\Loc...}, cssSelectorsEnabled: true, databaseEnabled: false, handlesAlerts: true, hasTouchScreen: false, javascriptEnabled: true, locationContextEnabled: true, mobileEmulationEnabled: false, nativeEvents: true, networkConnectionEnabled: false, pageLoadStrategy: normal, platform: XP, platformName: XP, rotatable: false, setWindowRect: true, takesHeapSnapshot: true, takesScreenshot: true, unexpectedAlertBehaviour: , unhandledPromptBehavior: , version: 67.0.3396.87, webStorageEnabled: true}
Session ID: f7a62a35cce8e315e8f3ef648ceaf093">
      <![CDATA[org.openqa.selenium.TimeoutException: Expected condition failed: waiting for condition to not be valid: invisibility of [[ChromeDriver: chrome on XP (f7a62a35cce8e315e8f3ef648ceaf093)] -> xpath: //button[contains(@data-bind,'areAllCheckoutMessagesConfirmed')]] (tried for 10 second(s) with 500 milliseconds interval)
Build info: version: '3.12.0', revision: '7c6e0b3', time: '2018-05-08T14:04:26.12Z'
System info: host: 'LAPTOP-GTLG16TP', ip: '192.168.1.5', os.name: 'Windows 10', os.arch: 'amd64', os.version: '10.0', java.version: '1.8.0_171'
Driver info: org.openqa.selenium.chrome.ChromeDriver
Capabilities {acceptInsecureCerts: false, acceptSslCerts: false, applicationCacheEnabled: false, browserConnectionEnabled: false, browserName: chrome, chrome: {chromedriverVersion: 2.38.552522 (437e6fbedfa876..., userDataDir: C:\Users\GinSun\AppData\Loc...}, cssSelectorsEnabled: true, databaseEnabled: false, handlesAlerts: true, hasTouchScreen: false, javascriptEnabled: true, locationContextEnabled: true, mobileEmulationEnabled: false, nativeEvents: true, networkConnectionEnabled: false, pageLoadStrategy: normal, platform: XP, platformName: XP, rotatable: false, setWindowRect: true, takesHeapSnapshot: true, takesScreenshot: true, unexpectedAlertBehaviour: , unhandledPromptBehavior: , version: 67.0.3396.87, webStorageEnabled: true}
Session ID: f7a62a35cce8e315e8f3ef648ceaf093
at org.openqa.selenium.support.ui.WebDriverWait.timeoutException(WebDriverWait.java:81)
at org.openqa.selenium.support.ui.FluentWait.until(FluentWait.java:271)
at TestPackage.OrderConfirmationTest.checkoutPage(OrderConfirmationTest.java:136)
at sun.reflect.NativeMethodAccessorImpl.invoke0(Native Method)
at sun.reflect.NativeMethodAccessorImpl.invoke(NativeMethodAccessorImpl.java:62)
at sun.reflect.DelegatingMethodAccessorImpl.invoke(DelegatingMethodAccessorImpl.java:43)
at java.lang.reflect.Method.invoke(Method.java:498)
at org.testng.internal.MethodInvocationHelper.invokeMethod(MethodInvocationHelper.java:124)
at org.testng.internal.Invoker.invokeMethod(Invoker.java:583)
at org.testng.internal.Invoker.invokeTestMethod(Invoker.java:719)
at org.testng.internal.Invoker.invokeTestMethods(Invoker.java:989)
at org.testng.internal.TestMethodWorker.invokeTestMethods(TestMethodWorker.java:125)
at org.testng.internal.TestMethodWorker.run(TestMethodWorker.java:109)
at org.testng.TestRunner.privateRun(TestRunner.java:648)
at org.testng.TestRunner.run(TestRunner.java:505)
at org.testng.SuiteRunner.runTest(SuiteRunner.java:455)
at org.testng.SuiteRunner.runSequentially(SuiteRunner.java:450)
at org.testng.SuiteRunner.privateRun(SuiteRunner.java:415)
at org.testng.SuiteRunner.run(SuiteRunner.java:364)
at org.testng.SuiteRunnerWorker.runSuite(SuiteRunnerWorker.java:52)
at org.testng.SuiteRunnerWorker.run(SuiteRunnerWorker.java:84)
at org.testng.TestNG.runSuitesSequentially(TestNG.java:1208)
at org.testng.TestNG.runSuitesLocally(TestNG.java:1137)
at org.testng.TestNG.runSuites(TestNG.java:1049)
at org.testng.TestNG.run(TestNG.java:1017)
at org.testng.remote.AbstractRemoteTestNG.run(AbstractRemoteTestNG.java:114)
at org.testng.remote.RemoteTestNG.initAndRun(RemoteTestNG.java:251)
at org.testng.remote.RemoteTestNG.main(RemoteTestNG.java:77)
]]>
    </error>
  </testcase> <!-- checkoutPage -->
  <testcase name="guestCheckout" time="6.174" classname="TestPackage.OrderConfirmationTest"/>
  <testcase name="OrderConfirmation" time="9.106" classname="TestPackage.OrderConfirmationTest"/>
</testsuite> <!-- TestPackage.OrderConfirmationTest -->
